--- SESSION STARTED ---
Time: 2026-03-16T15:01:38.466Z
Source IP: 127.0.0.1
User Agent: Mozilla/5.0 (Windows NT 10.0; Win64; x64) AppleWebKit/537.36 (KHTML, like Gecko) Chrome/145.0.0.0 Safari/537.36
[2026-03-16T15:02:19.943Z] $ `mysqldump -u root -p internal_prod
[2026-03-16T15:03:08.544Z] $ mysqldump -u root -p internal_prod
[2026-03-16T15:03:08.545Z] $ mysqldump -u root -p internal_prod
[2026-03-16T15:03:11.320Z] $ cat ~/.ssh/id_kyber
[2026-03-16T15:03:11.321Z] $ cat ~/.ssh/id_kyber
[EXPLOIT ATTEMPT] password_crack_attempt: hashcat -m 3200 id_kyber
[2026-03-16T15:04:19.436Z] $ exit

--- SESSION ENDED ---
Duration: 2m 41s
Total Commands: 6
Risk Score: 100
Exploit Attempts: 1
Credentials Captured: 0

--- SESSION ENDED ---
Duration: 2m 47s
Total Commands: 6
Risk Score: 100
Exploit Attempts: 1
Credentials Captured: 0
