--- SESSION STARTED ---
Time: 2026-03-16T08:48:37.709Z
Source IP: 127.0.0.1
User Agent: Mozilla/5.0 (Windows NT 10.0; Win64; x64) AppleWebKit/537.36 (KHTML, like Gecko) Chrome/146.0.0.0 Safari/537.36
[2026-03-16T08:48:57.357Z] $ ls -R
[2026-03-16T08:49:23.997Z] $ cat /proc/self/maps
[EXPLOIT ATTEMPT] pwnkit: gcc pwnkit.c -o pwnkit
[2026-03-16T08:55:48.796Z] $ exit

--- SESSION ENDED ---
Duration: 7m 11s
Total Commands: 3
Risk Score: 30
Exploit Attempts: 1
Credentials Captured: 0

--- SESSION ENDED ---
Duration: 8m 16s
Total Commands: 3
Risk Score: 30
Exploit Attempts: 1
Credentials Captured: 0
