2026-03-16 14:10:16,441 [ghost.ssh] INFO: Generating new RSA host key...
2026-03-16 14:10:16,513 [ghost.ssh] INFO: Host key saved to C:\Users\ASUS\Desktop\Ghost in the machine\ssh_honeypot\host_key
2026-03-16 14:11:05,812 [ghost.mongo] WARNING: MongoDB not available: localhost:27017: [WinError 10061] No connection could be made because the target machine actively refused it (configured timeouts: socketTimeoutMS: 5000.0ms, connectTimeoutMS: 5000.0ms), Timeout: 5.0s, Topology Description: <TopologyDescription id: 69b7c21ce4bba98760a58e7a, topology_type: Unknown, servers: [<ServerDescription ('localhost', 27017) server_type: Unknown, rtt: None, error=AutoReconnect('localhost:27017: [WinError 10061] No connection could be made because the target machine actively refused it (configured timeouts: socketTimeoutMS: 5000.0ms, connectTimeoutMS: 5000.0ms)')>]>. Using in-memory fallback.
2026-03-16 14:11:05,813 [ghost.ai] WARNING: No AI provider configured. Using fallback responses.
2026-03-16 14:20:38,976 [ghost.ssh] INFO: [32m[NEW CONNECTION][0m 127.0.0.1:63702
2026-03-16 14:20:38,989 [paramiko.transport] INFO: Connected (version 2.0, client OpenSSH_for_Windows_8.1)
2026-03-16 14:20:47,023 [paramiko.transport] INFO: Auth rejected (none).
2026-03-16 14:20:55,043 [ghost.ssh] INFO: [33m[CRED CAPTURED][0m Session 0f237729: admin:1234 (attempt 1)
2026-03-16 14:20:55,044 [paramiko.transport] INFO: Auth granted (password).
2026-03-16 14:20:55,045 [ghost.ssh] INFO: [32m[1m[SESSION START][0m 0f237729 from 127.0.0.1:63702 (user: admin)
2026-03-16 14:21:08,956 [ghost.ssh] INFO: [32m[CMD][0m Session 0f237729 (#1): ls -R
2026-03-16 14:28:30,519 [ghost.ssh] INFO: [32m[CMD][0m Session 0f237729 (#2): base64 /home/admin/deployment/internal network topology.png
2026-03-16 14:28:30,673 [ghost.visual] INFO: Generated fake document: network_diagram_20260316_142830.png (network_diagram)
2026-03-16 14:28:47,582 [ghost.ssh] WARNING: [35m[EXFIL TRAP][0m Session 0f237729: Served fake document for: base64 /home/admin/deployment/internal network topology.png
2026-03-16 14:28:52,006 [ghost.ssh] INFO: [32m[CMD][0m Session 0f237729 (#3): YmFzZTY0IGVuY29kZWQgb3V0cHV
2026-03-16 14:28:57,342 [paramiko.transport] INFO: Disconnect (code 11): disconnected by user
2026-03-16 14:28:57,354 [ghost.ssh] INFO: [31m[SESSION END][0m 0f237729 — 3 commands processed
2026-03-16 20:16:26,533 [ghost.mongo] WARNING: MongoDB not available: localhost:27017: [WinError 10061] No connection could be made because the target machine actively refused it (configured timeouts: socketTimeoutMS: 5000.0ms, connectTimeoutMS: 5000.0ms), Timeout: 5.0s, Topology Description: <TopologyDescription id: 69b817bdc8553fe0757b1559, topology_type: Unknown, servers: [<ServerDescription ('localhost', 27017) server_type: Unknown, rtt: None, error=AutoReconnect('localhost:27017: [WinError 10061] No connection could be made because the target machine actively refused it (configured timeouts: socketTimeoutMS: 5000.0ms, connectTimeoutMS: 5000.0ms)')>]>. Using in-memory fallback.
2026-03-16 20:16:26,533 [ghost.ai] WARNING: No AI provider configured. Using fallback responses.
2026-03-16 20:25:20,354 [ghost.mongo] WARNING: MongoDB not available: localhost:27017: [WinError 10061] No connection could be made because the target machine actively refused it (configured timeouts: socketTimeoutMS: 5000.0ms, connectTimeoutMS: 5000.0ms), Timeout: 5.0s, Topology Description: <TopologyDescription id: 69b819d31fc4f7c540de4836, topology_type: Unknown, servers: [<ServerDescription ('localhost', 27017) server_type: Unknown, rtt: None, error=AutoReconnect('localhost:27017: [WinError 10061] No connection could be made because the target machine actively refused it (configured timeouts: socketTimeoutMS: 5000.0ms, connectTimeoutMS: 5000.0ms)')>]>. Using in-memory fallback.
2026-03-16 20:25:20,355 [ghost.ai] WARNING: No AI provider configured. Using fallback responses.
2026-03-16 20:27:22,455 [ghost.mongo] WARNING: MongoDB not available: localhost:27017: [WinError 10061] No connection could be made because the target machine actively refused it (configured timeouts: socketTimeoutMS: 5000.0ms, connectTimeoutMS: 5000.0ms), Timeout: 5.0s, Topology Description: <TopologyDescription id: 69b81a4d17a9d6c5241757b4, topology_type: Unknown, servers: [<ServerDescription ('localhost', 27017) server_type: Unknown, rtt: None, error=AutoReconnect('localhost:27017: [WinError 10061] No connection could be made because the target machine actively refused it (configured timeouts: socketTimeoutMS: 5000.0ms, connectTimeoutMS: 5000.0ms)')>]>. Using in-memory fallback.
2026-03-16 20:27:22,456 [ghost.ai] WARNING: No AI provider configured. Using fallback responses.
2026-03-18 23:48:27,796 [ghost.mongo] WARNING: MongoDB not available: localhost:27017: [WinError 10061] No connection could be made because the target machine actively refused it (configured timeouts: socketTimeoutMS: 5000.0ms, connectTimeoutMS: 5000.0ms), Timeout: 5.0s, Topology Description: <TopologyDescription id: 69baec6e56cae8249307f741, topology_type: Unknown, servers: [<ServerDescription ('localhost', 27017) server_type: Unknown, rtt: None, error=AutoReconnect('localhost:27017: [WinError 10061] No connection could be made because the target machine actively refused it (configured timeouts: socketTimeoutMS: 5000.0ms, connectTimeoutMS: 5000.0ms)')>]>. Using in-memory fallback.
2026-03-18 23:48:27,797 [ghost.ai] WARNING: No AI provider configured. Using fallback responses.
2026-03-19 00:47:18,664 [ghost.ssh] INFO: [32m[NEW CONNECTION][0m 127.0.0.1:60872
2026-03-19 00:47:18,670 [paramiko.transport] ERROR: Exception (server): Error reading SSH protocol banner[WinError 10053] An established connection was aborted by the software in your host machine
2026-03-19 00:47:18,692 [paramiko.transport] ERROR: Traceback (most recent call last):
2026-03-19 00:47:18,693 [paramiko.transport] ERROR:   File "C:\Users\ASUS\AppData\Local\Programs\Python\Python312\Lib\site-packages\paramiko\transport.py", line 2363, in _check_banner
2026-03-19 00:47:18,693 [paramiko.transport] ERROR:     buf = self.packetizer.readline(timeout)
2026-03-19 00:47:18,693 [paramiko.transport] ERROR:           ^^^^^^^^^^^^^^^^^^^^^^^^^^^^^^^^^
2026-03-19 00:47:18,694 [paramiko.transport] ERROR:   File "C:\Users\ASUS\AppData\Local\Programs\Python\Python312\Lib\site-packages\paramiko\packet.py", line 395, in readline
2026-03-19 00:47:18,694 [paramiko.transport] ERROR:     buf += self._read_timeout(timeout)
2026-03-19 00:47:18,694 [paramiko.transport] ERROR:            ^^^^^^^^^^^^^^^^^^^^^^^^^^^
2026-03-19 00:47:18,695 [paramiko.transport] ERROR:   File "C:\Users\ASUS\AppData\Local\Programs\Python\Python312\Lib\site-packages\paramiko\packet.py", line 663, in _read_timeout
2026-03-19 00:47:18,695 [paramiko.transport] ERROR:     x = self.__socket.recv(128)
2026-03-19 00:47:18,695 [paramiko.transport] ERROR:         ^^^^^^^^^^^^^^^^^^^^^^^
2026-03-19 00:47:18,695 [paramiko.transport] ERROR: ConnectionAbortedError: [WinError 10053] An established connection was aborted by the software in your host machine
2026-03-19 00:47:18,696 [paramiko.transport] ERROR: 
2026-03-19 00:47:18,696 [paramiko.transport] ERROR: During handling of the above exception, another exception occurred:
2026-03-19 00:47:18,697 [paramiko.transport] ERROR: 
2026-03-19 00:47:18,697 [paramiko.transport] ERROR: Traceback (most recent call last):
2026-03-19 00:47:18,697 [paramiko.transport] ERROR:   File "C:\Users\ASUS\AppData\Local\Programs\Python\Python312\Lib\site-packages\paramiko\transport.py", line 2179, in run
2026-03-19 00:47:18,697 [paramiko.transport] ERROR:     self._check_banner()
2026-03-19 00:47:18,698 [paramiko.transport] ERROR:   File "C:\Users\ASUS\AppData\Local\Programs\Python\Python312\Lib\site-packages\paramiko\transport.py", line 2367, in _check_banner
2026-03-19 00:47:18,698 [paramiko.transport] ERROR:     raise SSHException(
2026-03-19 00:47:18,698 [paramiko.transport] ERROR: paramiko.ssh_exception.SSHException: Error reading SSH protocol banner[WinError 10053] An established connection was aborted by the software in your host machine
2026-03-19 00:47:18,699 [paramiko.transport] ERROR: 
2026-03-19 00:47:18,700 [ghost.ssh] WARNING: SSH negotiation failed from ('127.0.0.1', 60872): Error reading SSH protocol banner[WinError 10053] An established connection was aborted by the software in your host machine
2026-03-19 01:10:25,123 [ghost.ssh] INFO: [32m[NEW CONNECTION][0m 127.0.0.1:61350
2026-03-19 01:10:25,125 [paramiko.transport] ERROR: Exception (server): Error reading SSH protocol banner[WinError 10053] An established connection was aborted by the software in your host machine
2026-03-19 01:10:25,127 [paramiko.transport] ERROR: Traceback (most recent call last):
2026-03-19 01:10:25,127 [paramiko.transport] ERROR:   File "C:\Users\ASUS\AppData\Local\Programs\Python\Python312\Lib\site-packages\paramiko\transport.py", line 2363, in _check_banner
2026-03-19 01:10:25,128 [paramiko.transport] ERROR:     buf = self.packetizer.readline(timeout)
2026-03-19 01:10:25,128 [paramiko.transport] ERROR:           ^^^^^^^^^^^^^^^^^^^^^^^^^^^^^^^^^
2026-03-19 01:10:25,128 [paramiko.transport] ERROR:   File "C:\Users\ASUS\AppData\Local\Programs\Python\Python312\Lib\site-packages\paramiko\packet.py", line 395, in readline
2026-03-19 01:10:25,128 [paramiko.transport] ERROR:     buf += self._read_timeout(timeout)
2026-03-19 01:10:25,128 [paramiko.transport] ERROR:            ^^^^^^^^^^^^^^^^^^^^^^^^^^^
2026-03-19 01:10:25,128 [paramiko.transport] ERROR:   File "C:\Users\ASUS\AppData\Local\Programs\Python\Python312\Lib\site-packages\paramiko\packet.py", line 663, in _read_timeout
2026-03-19 01:10:25,129 [paramiko.transport] ERROR:     x = self.__socket.recv(128)
2026-03-19 01:10:25,129 [paramiko.transport] ERROR:         ^^^^^^^^^^^^^^^^^^^^^^^
2026-03-19 01:10:25,129 [paramiko.transport] ERROR: ConnectionAbortedError: [WinError 10053] An established connection was aborted by the software in your host machine
2026-03-19 01:10:25,129 [paramiko.transport] ERROR: 
2026-03-19 01:10:25,129 [paramiko.transport] ERROR: During handling of the above exception, another exception occurred:
2026-03-19 01:10:25,129 [paramiko.transport] ERROR: 
2026-03-19 01:10:25,129 [paramiko.transport] ERROR: Traceback (most recent call last):
2026-03-19 01:10:25,130 [paramiko.transport] ERROR:   File "C:\Users\ASUS\AppData\Local\Programs\Python\Python312\Lib\site-packages\paramiko\transport.py", line 2179, in run
2026-03-19 01:10:25,130 [paramiko.transport] ERROR:     self._check_banner()
2026-03-19 01:10:25,130 [paramiko.transport] ERROR:   File "C:\Users\ASUS\AppData\Local\Programs\Python\Python312\Lib\site-packages\paramiko\transport.py", line 2367, in _check_banner
2026-03-19 01:10:25,130 [paramiko.transport] ERROR:     raise SSHException(
2026-03-19 01:10:25,130 [paramiko.transport] ERROR: paramiko.ssh_exception.SSHException: Error reading SSH protocol banner[WinError 10053] An established connection was aborted by the software in your host machine
2026-03-19 01:10:25,130 [paramiko.transport] ERROR: 
2026-03-19 01:10:25,131 [ghost.ssh] WARNING: SSH negotiation failed from ('127.0.0.1', 61350): Error reading SSH protocol banner[WinError 10053] An established connection was aborted by the software in your host machine
